0 info it worked if it ends with ok
1 verbose cli [ '/usr/local/Cellar/node/6.3.1/bin/node',
1 verbose cli   '/usr/local/bin/npm',
1 verbose cli   'start' ]
2 info using npm@3.10.3
3 info using node@v6.3.1
4 verbose run-script [ 'prestart', 'start', 'poststart' ]
5 info lifecycle angular-quickstart@1.0.0~prestart: angular-quickstart@1.0.0
6 silly lifecycle angular-quickstart@1.0.0~prestart: no script for prestart, continuing
7 info lifecycle angular-quickstart@1.0.0~start: angular-quickstart@1.0.0
8 verbose lifecycle angular-quickstart@1.0.0~start: unsafe-perm in lifecycle true
9 verbose lifecycle angular-quickstart@1.0.0~start: PATH: /usr/local/lib/node_modules/npm/bin/node-gyp-bin:/Users/rfreedman/projects/blog-post-angular-spring-boot/front-end/angular-tour-of-heroes/node_modules/.bin:/usr/local/Cellar/node/6.3.1/bin:/Users/rfreedman/.sdkman/candidates/grails/current/bin:/Users/rfreedman/.rvm/gems/ruby-2.2.1/bin:/Users/rfreedman/.rvm/gems/ruby-2.2.1@global/bin:/Users/rfreedman/.rvm/rubies/ruby-2.2.1/bin:/Users/rfreedman/.gvm/vertx/current/bin:/Users/rfreedman/.gvm/springboot/current/bin:/Users/rfreedman/.gvm/lazybones/current/bin:/Users/rfreedman/.gvm/jbossforge/current/bin:/Users/rfreedman/.gvm/jbake/current/bin:/Users/rfreedman/.gvm/groovyserv/current/bin:/Users/rfreedman/.gvm/groovy/current/bin:/Users/rfreedman/.gvm/griffon/current/bin:/Users/rfreedman/.gvm/grails/current/bin:/Users/rfreedman/.gvm/gradle/current/bin:/Users/rfreedman/.gvm/glide/current/bin:/Users/rfreedman/.gvm/gaiden/current/bin:/Users/rfreedman/.gvm/crash/current/bin:/Users/rfreedman/.gvm/asciidoctorj/current/bin:/Library/Frameworks/Python.framework/Versions/3.4/bin:/usr/local/bin:/usr/local/heroku/bin:/Users/rfreedman/bin:/Users/rfreedman/groovy-2.3.6/bin:/usr/local/bin:/usr/local/sbin:/usr/local/bin:/usr/bin:/bin:/usr/sbin:/sbin:/opt/X11/bin:/usr/local/mysql/bin:/Library/PostgreSQL/bin/:/Users/rfreedman/bin:/Users/rfreedman/gradle/bin:/Users/rfreedman/Library/Android/sdk/platform-tools:/Users/rfreedman/Library/Android/sdk/tools:.:/Users/rfreedman/android-sdk-macosx/tools:/Users/rfreedman/android-sdk-macosx/platform-tools:/Users/rfreedman/ant/bin:/Users/rfreedman/activator-dist-1.3.5:/Users/rfreedman/cloudbees-sdk-0.7.0:/Users/rfreedman/.rvm/bin
10 verbose lifecycle angular-quickstart@1.0.0~start: CWD: /Users/rfreedman/projects/blog-post-angular-spring-boot/front-end/angular-tour-of-heroes
11 silly lifecycle angular-quickstart@1.0.0~start: Args: [ '-c', 'tsc && concurrently "tsc -w" "lite-server" ' ]
12 silly lifecycle angular-quickstart@1.0.0~start: Returned: code: 2  signal: null
13 info lifecycle angular-quickstart@1.0.0~start: Failed to exec start script
14 verbose stack Error: angular-quickstart@1.0.0 start: `tsc && concurrently "tsc -w" "lite-server" `
14 verbose stack Exit status 2
14 verbose stack     at EventEmitter.<anonymous> (/usr/local/lib/node_modules/npm/lib/utils/lifecycle.js:242:16)
14 verbose stack     at emitTwo (events.js:106:13)
14 verbose stack     at EventEmitter.emit (events.js:191:7)
14 verbose stack     at ChildProcess.<anonymous> (/usr/local/lib/node_modules/npm/lib/utils/spawn.js:40:14)
14 verbose stack     at emitTwo (events.js:106:13)
14 verbose stack     at ChildProcess.emit (events.js:191:7)
14 verbose stack     at maybeClose (internal/child_process.js:852:16)
14 verbose stack     at Process.ChildProcess._handle.onexit (internal/child_process.js:215:5)
15 verbose pkgid angular-quickstart@1.0.0
16 verbose cwd /Users/rfreedman/projects/blog-post-angular-spring-boot/front-end/angular-tour-of-heroes
17 error Darwin 16.3.0
18 error argv "/usr/local/Cellar/node/6.3.1/bin/node" "/usr/local/bin/npm" "start"
19 error node v6.3.1
20 error npm  v3.10.3
21 error code ELIFECYCLE
22 error angular-quickstart@1.0.0 start: `tsc && concurrently "tsc -w" "lite-server" `
22 error Exit status 2
23 error Failed at the angular-quickstart@1.0.0 start script 'tsc && concurrently "tsc -w" "lite-server" '.
23 error Make sure you have the latest version of node.js and npm installed.
23 error If you do, this is most likely a problem with the angular-quickstart package,
23 error not with npm itself.
23 error Tell the author that this fails on your system:
23 error     tsc && concurrently "tsc -w" "lite-server"
23 error You can get information on how to open an issue for this project with:
23 error     npm bugs angular-quickstart
23 error Or if that isn't available, you can get their info via:
23 error     npm owner ls angular-quickstart
23 error There is likely additional logging output above.
24 verbose exit [ 1, true ]
